[ 2014-09-18T15:56:22+08:00 ] 127.0.0.1 /spider/index.php/install/install/step1
INFO: [ app_init ] --START--
INFO: Run Behavior\BuildLiteBehavior [ RunTime:0.000012s ]
INFO: [ app_init ] --END-- [ RunTime:0.000218s ]
INFO: [ app_begin ] --START--
INFO: Run Behavior\ReadHtmlCacheBehavior [ RunTime:0.000371s ]
INFO: [ app_begin ] --END-- [ RunTime:0.000419s ]
INFO: [ view_parse ] --START--
INFO: [ template_filter ] --START--
INFO: Run Behavior\ContentReplaceBehavior [ RunTime:0.000022s ]
INFO: [ template_filter ] --END-- [ RunTime:0.000063s ]
INFO: Run Behavior\ParseTemplateBehavior [ RunTime:0.011903s ]
INFO: [ view_parse ] --END-- [ RunTime:0.011986s ]
INFO: [ view_filter ] --START--
INFO: Run Behavior\WriteHtmlCacheBehavior [ RunTime:0.000182s ]
INFO: [ view_filter ] --END-- [ RunTime:0.000234s ]
INFO: [ app_end ] --START--
INFO: Run Behavior\ShowPageTraceBehavior [ RunTime:0.000479s ]
INFO: [ app_end ] --END-- [ RunTime:0.000529s ]

[ 2014-09-18T15:56:25+08:00 ] 127.0.0.1 /spider/index.php/install/step1
INFO: [ app_init ] --START--
INFO: Run Behavior\BuildLiteBehavior [ RunTime:0.000008s ]
INFO: [ app_init ] --END-- [ RunTime:0.000184s ]
INFO: [ app_begin ] --START--
INFO: Run Behavior\ReadHtmlCacheBehavior [ RunTime:0.000229s ]
INFO: [ app_begin ] --END-- [ RunTime:0.000258s ]
ERR: 无法加载控制器:Step1

[ 2014-09-18T16:01:47+08:00 ] 127.0.0.1 /spider/index.php/install/install/step1
INFO: [ app_init ] --START--
INFO: Run Behavior\BuildLiteBehavior [ RunTime:0.000019s ]
INFO: [ app_init ] --END-- [ RunTime:0.000558s ]
INFO: [ app_begin ] --START--
INFO: Run Behavior\ReadHtmlCacheBehavior [ RunTime:0.000404s ]
INFO: [ app_begin ] --END-- [ RunTime:0.000470s ]
NOTIC: [2] is_dir() expects parameter 1 to be a valid path, array given /Users/kx/workspace/php/spider/spider/Install/Common/function.php 第 53 行.
NOTIC: [2] is_dir() expects parameter 1 to be a valid path, array given /Users/kx/workspace/php/spider/spider/Install/Common/function.php 第 53 行.
INFO: [ view_parse ] --START--
INFO: [ template_filter ] --START--
INFO: Run Behavior\ContentReplaceBehavior [ RunTime:0.000022s ]
INFO: [ template_filter ] --END-- [ RunTime:0.000059s ]
NOTIC: [8] Undefined offset: 4 /Users/kx/workspace/php/spider/spider/Runtime/Cache/Install/9d897faa42bdb73a2d0fb370e9560aba.php 第 37 行.
NOTIC: [8] Undefined offset: 4 /Users/kx/workspace/php/spider/spider/Runtime/Cache/Install/9d897faa42bdb73a2d0fb370e9560aba.php 第 37 行.
NOTIC: [8] Undefined offset: 4 /Users/kx/workspace/php/spider/spider/Runtime/Cache/Install/9d897faa42bdb73a2d0fb370e9560aba.php 第 37 行.
NOTIC: [8] Undefined offset: 4 /Users/kx/workspace/php/spider/spider/Runtime/Cache/Install/9d897faa42bdb73a2d0fb370e9560aba.php 第 37 行.
INFO: Run Behavior\ParseTemplateBehavior [ RunTime:0.012834s ]
INFO: [ view_parse ] --END-- [ RunTime:0.012879s ]
INFO: [ view_filter ] --START--
INFO: Run Behavior\WriteHtmlCacheBehavior [ RunTime:0.000238s ]
INFO: [ view_filter ] --END-- [ RunTime:0.000272s ]
INFO: [ app_end ] --START--
INFO: Run Behavior\ShowPageTraceBehavior [ RunTime:0.000483s ]
INFO: [ app_end ] --END-- [ RunTime:0.000526s ]

[ 2014-09-18T16:22:40+08:00 ] 127.0.0.1 /spider/index.php/install/install/step1
INFO: [ app_init ] --START--
INFO: Run Behavior\BuildLiteBehavior [ RunTime:0.000011s ]
INFO: [ app_init ] --END-- [ RunTime:0.000241s ]
INFO: [ app_begin ] --START--
INFO: Run Behavior\ReadHtmlCacheBehavior [ RunTime:0.000840s ]
INFO: [ app_begin ] --END-- [ RunTime:0.000899s ]
NOTIC: [2] is_dir() expects parameter 1 to be a valid path, array given /Users/kx/workspace/php/spider/spider/Install/Common/function.php 第 53 行.
NOTIC: [2] is_dir() expects parameter 1 to be a valid path, array given /Users/kx/workspace/php/spider/spider/Install/Common/function.php 第 53 行.
INFO: [ view_parse ] --START--
INFO: [ template_filter ] --START--
INFO: Run Behavior\ContentReplaceBehavior [ RunTime:0.000026s ]
INFO: [ template_filter ] --END-- [ RunTime:0.000063s ]
NOTIC: [8] Undefined offset: 4 /Users/kx/workspace/php/spider/spider/Runtime/Cache/Install/9d897faa42bdb73a2d0fb370e9560aba.php 第 37 行.
NOTIC: [8] Undefined offset: 4 /Users/kx/workspace/php/spider/spider/Runtime/Cache/Install/9d897faa42bdb73a2d0fb370e9560aba.php 第 37 行.
NOTIC: [8] Undefined offset: 4 /Users/kx/workspace/php/spider/spider/Runtime/Cache/Install/9d897faa42bdb73a2d0fb370e9560aba.php 第 37 行.
NOTIC: [8] Undefined offset: 4 /Users/kx/workspace/php/spider/spider/Runtime/Cache/Install/9d897faa42bdb73a2d0fb370e9560aba.php 第 37 行.
INFO: Run Behavior\ParseTemplateBehavior [ RunTime:0.006353s ]
INFO: [ view_parse ] --END-- [ RunTime:0.006384s ]
INFO: [ view_filter ] --START--
INFO: Run Behavior\WriteHtmlCacheBehavior [ RunTime:0.000095s ]
INFO: [ view_filter ] --END-- [ RunTime:0.000118s ]
INFO: [ app_end ] --START--
INFO: Run Behavior\ShowPageTraceBehavior [ RunTime:0.000286s ]
INFO: [ app_end ] --END-- [ RunTime:0.000314s ]

[ 2014-09-18T16:28:14+08:00 ] 127.0.0.1 /spider/index.php/install/install/step1
INFO: [ app_init ] --START--
INFO: Run Behavior\BuildLiteBehavior [ RunTime:0.000011s ]
INFO: [ app_init ] --END-- [ RunTime:0.000259s ]
INFO: [ app_begin ] --START--
INFO: Run Behavior\ReadHtmlCacheBehavior [ RunTime:0.000736s ]
INFO: [ app_begin ] --END-- [ RunTime:0.000818s ]
NOTIC: [2] is_dir() expects parameter 1 to be a valid path, array given /Users/kx/workspace/php/spider/spider/Install/Common/function.php 第 53 行.
NOTIC: [2] is_dir() expects parameter 1 to be a valid path, array given /Users/kx/workspace/php/spider/spider/Install/Common/function.php 第 53 行.
INFO: [ view_parse ] --START--
INFO: [ template_filter ] --START--
INFO: Run Behavior\ContentReplaceBehavior [ RunTime:0.000026s ]
INFO: [ template_filter ] --END-- [ RunTime:0.000067s ]
NOTIC: [8] Undefined offset: 4 /Users/kx/workspace/php/spider/spider/Runtime/Cache/Install/9d897faa42bdb73a2d0fb370e9560aba.php 第 37 行.
NOTIC: [8] Undefined offset: 4 /Users/kx/workspace/php/spider/spider/Runtime/Cache/Install/9d897faa42bdb73a2d0fb370e9560aba.php 第 37 行.
NOTIC: [8] Undefined offset: 4 /Users/kx/workspace/php/spider/spider/Runtime/Cache/Install/9d897faa42bdb73a2d0fb370e9560aba.php 第 37 行.
NOTIC: [8] Undefined offset: 4 /Users/kx/workspace/php/spider/spider/Runtime/Cache/Install/9d897faa42bdb73a2d0fb370e9560aba.php 第 37 行.
INFO: Run Behavior\ParseTemplateBehavior [ RunTime:0.005176s ]
INFO: [ view_parse ] --END-- [ RunTime:0.005203s ]
INFO: [ view_filter ] --START--
INFO: Run Behavior\WriteHtmlCacheBehavior [ RunTime:0.000099s ]
INFO: [ view_filter ] --END-- [ RunTime:0.000121s ]
INFO: [ app_end ] --START--
INFO: Run Behavior\ShowPageTraceBehavior [ RunTime:0.000280s ]
INFO: [ app_end ] --END-- [ RunTime:0.000305s ]

