[ 2014-10-29T13:10:05+08:00 ] 127.0.0.1 /task-tool/index.php/res/style/js/calendar.js
INFO: [ app_init ] --START--
INFO: Run Behavior\BuildLiteBehavior [ RunTime:0.000011s ]
INFO: [ app_init ] --END-- [ RunTime:0.000239s ]
ERR: 无法加载模块:Res

[ 2014-10-29T13:10:05+08:00 ] 127.0.0.1 /task-tool/index.php/res/style/css/app.css
INFO: [ app_init ] --START--
INFO: Run Behavior\BuildLiteBehavior [ RunTime:0.000013s ]
INFO: [ app_init ] --END-- [ RunTime:0.000280s ]
ERR: 无法加载模块:Res

[ 2014-10-29T13:10:05+08:00 ] 127.0.0.1 /task-tool/index.php/res/style/css/calendar.css
INFO: [ app_init ] --START--
INFO: Run Behavior\BuildLiteBehavior [ RunTime:0.000009s ]
INFO: [ app_init ] --END-- [ RunTime:0.000185s ]
ERR: 无法加载模块:Res

[ 2014-10-29T13:17:14+08:00 ] 127.0.0.1 /task-tool/index.php/res/style/css/calendar.css
INFO: [ app_init ] --START--
INFO: Run Behavior\BuildLiteBehavior [ RunTime:0.000014s ]
INFO: [ app_init ] --END-- [ RunTime:0.000287s ]
ERR: 无法加载模块:Res

[ 2014-10-29T17:26:39+08:00 ] 127.0.0.1 /task-tool/index.php/res/style/js/calendar.js
INFO: [ app_init ] --START--
INFO: Run Behavior\BuildLiteBehavior [ RunTime:0.000010s ]
INFO: [ app_init ] --END-- [ RunTime:0.000187s ]
ERR: 无法加载模块:Res

